<?xml version="1.0" encoding="UTF-8"?>
<!-- Generated by org.testng.reporters.JUnitReportReporter -->
<testsuite hostname="DESKTOP-HLONFUV" failures="0" tests="4" name="testgroup.testpackage.total" time="24.924" errors="0" timestamp="2024-11-25T16:08:19 IST" skipped="0">
  <testcase classname="testgroup.testpackage.total" name="checkOrderHistory" time="2.532"/>
  <system-out/>
  <testcase classname="testgroup.testpackage.total" name="placeOrder" time="9.096"/>
  <system-out/>
  <testcase classname="testgroup.testpackage.total" name="placeOrder" time="10.108"/>
  <system-out/>
  <testcase classname="testgroup.testpackage.total" name="checkOrderHistory" time="3.188"/>
  <system-out/>
</testsuite> <!-- testgroup.testpackage.total -->
