<?xml version="1.0" encoding="UTF-8"?>
<!-- Generated by org.testng.reporters.JUnitReportReporter -->
<testsuite hostname="DESKTOP-HLONFUV" failures="0" tests="3" name="demo.demo1" time="0.012" errors="0" timestamp="2024-10-12T20:23:41 IST" skipped="0">
  <testcase classname="demo.demo1" name="data" time="0.000"/>
  <system-out/>
  <testcase classname="demo.demo1" name="data" time="0.010"/>
  <system-out/>
  <testcase classname="demo.demo1" name="hello" time="0.002"/>
  <system-out/>
</testsuite> <!-- demo.demo1 -->
