<?xml version="1.0" encoding="UTF-8"?>
<!-- Generated by org.testng.reporters.JUnitReportReporter -->
<testsuite hostname="DESKTOP-HLONFUV" failures="0" tests="2" name="demo.Demo" time="0.002" errors="0" timestamp="2024-10-12T09:54:48 IST" skipped="0">
  <testcase classname="demo.Demo" name="newMethod" time="0.001"/>
  <system-out/>
  <testcase classname="demo.Demo" name="DemoMethod" time="0.001"/>
  <system-out/>
</testsuite> <!-- demo.Demo -->
