<?xml version="1.0" encoding="UTF-8"?>
<!-- Generated by org.testng.reporters.JUnitReportReporter -->
<testsuite hostname="DESKTOP-HLONFUV" failures="0" tests="1" name="demo.demo2" time="0.007" errors="0" timestamp="2024-10-12T19:54:11 IST" skipped="0">
  <testcase classname="demo.demo2" name="stat1" time="0.007"/>
  <system-out/>
</testsuite> <!-- demo.demo2 -->
